<?xml version="1.0" encoding="UTF-8"?>
<!-- Generated by org.testng.reporters.JUnitReportReporter -->
<testsuite hostname="DESKTOP-BR3APVB" failures="0" tests="2" name="testcases.DashboardPageTests" time="31.134" errors="0" timestamp="22 Jun 2022 04:16:02 GMT" skipped="0">
  <testcase classname="testcases.DashboardPageTests" name="verifyAssignLeave" time="17.260"/>
  <testcase classname="testcases.DashboardPageTests" name="verifyLeaveList" time="13.874"/>
</testsuite> <!-- testcases.DashboardPageTests -->
